生成启动时间为 2015/8/25 16:59:11。
     1>项目“F:\Git\repository\designpattern\Iterator\Iterator\Iterator.vcxproj”在节点 2 上(build 个目标)。
     1>InitializeBuildStatus:
         正在创建“Debug\Iterator.unsuccessfulbuild”，因为已指定“AlwaysCreate”。
       ClCompile:
         e:\Program Files\Microsoft Visual Studio 10.0\VC\bin\CL.exe /c /ZI /nologo /W3 /WX- /Od /Oy- /D _MBCS /Gm /EHsc /RTC1 /MDd /GS /fp:precise /Zc:wchar_t /Zc:forScope /Fo"Debug\\" /Fd"Debug\vc100.pdb" /Gd /TP /analyze- /errorReport:prompt StringIterator.cpp
         StringIterator.cpp
     1>f:\git\repository\designpattern\iterator\iterator\stringiterator.cpp(16): warning C4018: “<”: 有符号/无符号不匹配
     1>f:\git\repository\designpattern\iterator\iterator\stringiterator.cpp(22): warning C4018: “<”: 有符号/无符号不匹配
     1>f:\git\repository\designpattern\iterator\iterator\stringiterator.cpp(18): warning C4715: “StringIterator::next”: 不是所有的控件路径都返回值
       Link:
         e:\Program Files\Microsoft Visual Studio 10.0\VC\bin\link.exe /ERRORREPORT:PROMPT /OUT:"F:\Git\repository\designpattern\Iterator\Debug\Iterator.exe" /NOLOGO kernel32.lib user32.lib gdi32.lib winspool.lib comdlg32.lib advapi32.lib shell32.lib ole32.lib oleaut32.lib uuid.lib odbc32.lib odbccp32.lib /MANIFEST /ManifestFile:"Debug\Iterator.exe.intermediate.manifest" /MANIFESTUAC:"level='asInvoker' uiAccess='false'" /DEBUG /PDB:"F:\Git\repository\designpattern\Iterator\Debug\Iterator.pdb" /TLBID:1 /DYNAMICBASE /NXCOMPAT /IMPLIB:"F:\Git\repository\designpattern\Iterator\Debug\Iterator.lib" /MACHINE:X86 Debug\StringIterator.obj
         Debug\test.obj
         LINK : 没有找到 F:\Git\repository\designpattern\Iterator\Debug\Iterator.exe 或上一个增量链接没有生成它；正在执行完全链接
         Iterator.vcxproj -> F:\Git\repository\designpattern\Iterator\Debug\Iterator.exe
       Manifest:
         C:\Program Files\Microsoft SDKs\Windows\v7.0A\bin\mt.exe /nologo /verbose /outputresource:"F:\Git\repository\designpattern\Iterator\Debug\Iterator.exe;#1" /manifest Debug\Iterator.exe.intermediate.manifest
       FinalizeBuildStatus:
         正在删除文件“Debug\Iterator.unsuccessfulbuild”。
         正在对“Debug\Iterator.lastbuildstate”执行 Touch 任务。
     1>已完成生成项目“F:\Git\repository\designpattern\Iterator\Iterator\Iterator.vcxproj”(build 个目标)的操作。

生成成功。

已用时间 00:00:01.28
