生成启动时间为 2015/8/26 11:21:08。
     1>项目“F:\Git\repository\designpattern\FlyWeight\FlyWeight\FlyWeight.vcxproj”在节点 2 上(build 个目标)。
     1>PrepareForBuild:
         正在创建目录“F:\Git\repository\designpattern\FlyWeight\Debug\”。
       InitializeBuildStatus:
         正在创建“Debug\FlyWeight.unsuccessfulbuild”，因为已指定“AlwaysCreate”。
       ClCompile:
         e:\Program Files\Microsoft Visual Studio 10.0\VC\bin\CL.exe /c /ZI /nologo /W3 /WX- /Od /Oy- /D _MBCS /Gm /EHsc /RTC1 /MDd /GS /fp:precise /Zc:wchar_t /Zc:forScope /Fo"Debug\\" /Fd"Debug\vc100.pdb" /Gd /TP /analyze- /errorReport:prompt OperateFactory.cpp OperationAdd.cpp OperationMinus.cpp test.cpp
         test.cpp
         OperationMinus.cpp
         OperationAdd.cpp
         OperateFactory.cpp
         正在生成代码...
       Link:
         e:\Program Files\Microsoft Visual Studio 10.0\VC\bin\link.exe /ERRORREPORT:PROMPT /OUT:"F:\Git\repository\designpattern\FlyWeight\Debug\FlyWeight.exe" /NOLOGO kernel32.lib user32.lib gdi32.lib winspool.lib comdlg32.lib advapi32.lib shell32.lib ole32.lib oleaut32.lib uuid.lib odbc32.lib odbccp32.lib /MANIFEST /ManifestFile:"Debug\FlyWeight.exe.intermediate.manifest" /MANIFESTUAC:"level='asInvoker' uiAccess='false'" /DEBUG /PDB:"F:\Git\repository\designpattern\FlyWeight\Debug\FlyWeight.pdb" /TLBID:1 /DYNAMICBASE /NXCOMPAT /IMPLIB:"F:\Git\repository\designpattern\FlyWeight\Debug\FlyWeight.lib" /MACHINE:X86 Debug\OperateFactory.obj
         Debug\OperationAdd.obj
         Debug\OperationMinus.obj
         Debug\test.obj
         FlyWeight.vcxproj -> F:\Git\repository\designpattern\FlyWeight\Debug\FlyWeight.exe
       Manifest:
         C:\Program Files\Microsoft SDKs\Windows\v7.0A\bin\mt.exe /nologo /verbose /outputresource:"F:\Git\repository\designpattern\FlyWeight\Debug\FlyWeight.exe;#1" /manifest Debug\FlyWeight.exe.intermediate.manifest
       FinalizeBuildStatus:
         正在删除文件“Debug\FlyWeight.unsuccessfulbuild”。
         正在对“Debug\FlyWeight.lastbuildstate”执行 Touch 任务。
     1>已完成生成项目“F:\Git\repository\designpattern\FlyWeight\FlyWeight\FlyWeight.vcxproj”(build 个目标)的操作。

生成成功。

已用时间 00:00:05.75
