生成启动时间为 2015/8/25 20:10:41。
     1>项目“F:\Git\repository\designpattern\Bridge\Bridge\Bridge.vcxproj”在节点 2 上(build 个目标)。
     1>InitializeBuildStatus:
         正在创建“Debug\Bridge.unsuccessfulbuild”，因为已指定“AlwaysCreate”。
       ClCompile:
         e:\Program Files\Microsoft Visual Studio 10.0\VC\bin\CL.exe /c /ZI /nologo /W3 /WX- /Od /Oy- /D _MBCS /Gm /EHsc /RTC1 /MDd /GS /fp:precise /Zc:wchar_t /Zc:forScope /Fo"Debug\\" /Fd"Debug\vc100.pdb" /Gd /TP /analyze- /errorReport:prompt MyBridge.cpp test.cpp
         MyBridge.cpp
         正在生成代码...
         正在编译...
         test.cpp
         正在生成代码...
       Link:
         e:\Program Files\Microsoft Visual Studio 10.0\VC\bin\link.exe /ERRORREPORT:PROMPT /OUT:"F:\Git\repository\designpattern\Bridge\Debug\Bridge.exe" /NOLOGO kernel32.lib user32.lib gdi32.lib winspool.lib comdlg32.lib advapi32.lib shell32.lib ole32.lib oleaut32.lib uuid.lib odbc32.lib odbccp32.lib /MANIFEST /ManifestFile:"Debug\Bridge.exe.intermediate.manifest" /MANIFESTUAC:"level='asInvoker' uiAccess='false'" /DEBUG /PDB:"F:\Git\repository\designpattern\Bridge\Debug\Bridge.pdb" /TLBID:1 /DYNAMICBASE /NXCOMPAT /IMPLIB:"F:\Git\repository\designpattern\Bridge\Debug\Bridge.lib" /MACHINE:X86 Debug\Bridge.obj
         Debug\MyBridge.obj
         Debug\OperationAdd.obj
         Debug\OperationMinus.obj
         Debug\test.obj
         LINK : 没有找到 F:\Git\repository\designpattern\Bridge\Debug\Bridge.exe 或上一个增量链接没有生成它；正在执行完全链接
         Bridge.vcxproj -> F:\Git\repository\designpattern\Bridge\Debug\Bridge.exe
       Manifest:
         C:\Program Files\Microsoft SDKs\Windows\v7.0A\bin\mt.exe /nologo /verbose /outputresource:"F:\Git\repository\designpattern\Bridge\Debug\Bridge.exe;#1" /manifest Debug\Bridge.exe.intermediate.manifest
       FinalizeBuildStatus:
         正在删除文件“Debug\Bridge.unsuccessfulbuild”。
         正在对“Debug\Bridge.lastbuildstate”执行 Touch 任务。
     1>已完成生成项目“F:\Git\repository\designpattern\Bridge\Bridge\Bridge.vcxproj”(build 个目标)的操作。

生成成功。

已用时间 00:00:01.01
