生成启动时间为 2015/8/25 20:44:16。
     1>项目“F:\Git\repository\designpattern\Command\Command\Command.vcxproj”在节点 2 上(build 个目标)。
     1>PrepareForBuild:
         正在创建目录“F:\Git\repository\designpattern\Command\Debug\”。
       InitializeBuildStatus:
         正在创建“Debug\Command.unsuccessfulbuild”，因为已指定“AlwaysCreate”。
       ClCompile:
         e:\Program Files\Microsoft Visual Studio 10.0\VC\bin\CL.exe /c /ZI /nologo /W3 /WX- /Od /Oy- /D _MBCS /Gm /EHsc /RTC1 /MDd /GS /fp:precise /Zc:wchar_t /Zc:forScope /Fo"Debug\\" /Fd"Debug\vc100.pdb" /Gd /TP /analyze- /errorReport:prompt Commander.cpp RealCommand.cpp Sodier.cpp test.cpp
         test.cpp
         Sodier.cpp
         RealCommand.cpp
         Commander.cpp
         正在生成代码...
       Link:
         e:\Program Files\Microsoft Visual Studio 10.0\VC\bin\link.exe /ERRORREPORT:PROMPT /OUT:"F:\Git\repository\designpattern\Command\Debug\Command.exe" /NOLOGO kernel32.lib user32.lib gdi32.lib winspool.lib comdlg32.lib advapi32.lib shell32.lib ole32.lib oleaut32.lib uuid.lib odbc32.lib odbccp32.lib /MANIFEST /ManifestFile:"Debug\Command.exe.intermediate.manifest" /MANIFESTUAC:"level='asInvoker' uiAccess='false'" /DEBUG /PDB:"F:\Git\repository\designpattern\Command\Debug\Command.pdb" /TLBID:1 /DYNAMICBASE /NXCOMPAT /IMPLIB:"F:\Git\repository\designpattern\Command\Debug\Command.lib" /MACHINE:X86 Debug\Commander.obj
         Debug\RealCommand.obj
         Debug\Sodier.obj
         Debug\test.obj
         Command.vcxproj -> F:\Git\repository\designpattern\Command\Debug\Command.exe
       Manifest:
         C:\Program Files\Microsoft SDKs\Windows\v7.0A\bin\mt.exe /nologo /verbose /outputresource:"F:\Git\repository\designpattern\Command\Debug\Command.exe;#1" /manifest Debug\Command.exe.intermediate.manifest
       FinalizeBuildStatus:
         正在删除文件“Debug\Command.unsuccessfulbuild”。
         正在对“Debug\Command.lastbuildstate”执行 Touch 任务。
     1>已完成生成项目“F:\Git\repository\designpattern\Command\Command\Command.vcxproj”(build 个目标)的操作。

生成成功。

已用时间 00:00:02.85
