生成启动时间为 2015/8/25 21:28:26。
     1>项目“F:\Git\repository\designpattern\Responsibility\Responsibility\Responsibility.vcxproj”在节点 2 上(build 个目标)。
     1>PrepareForBuild:
         正在创建目录“F:\Git\repository\designpattern\Responsibility\Debug\”。
       InitializeBuildStatus:
         正在创建“Debug\Responsibility.unsuccessfulbuild”，因为已指定“AlwaysCreate”。
       ClCompile:
         e:\Program Files\Microsoft Visual Studio 10.0\VC\bin\CL.exe /c /ZI /nologo /W3 /WX- /Od /Oy- /D _MBCS /Gm /EHsc /RTC1 /MDd /GS /fp:precise /Zc:wchar_t /Zc:forScope /Fo"Debug\\" /Fd"Debug\vc100.pdb" /Gd /TP /analyze- /errorReport:prompt Handler.cpp HandlerA.cpp HandlerB.cpp test.cpp
         test.cpp
         HandlerB.cpp
         HandlerA.cpp
         Handler.cpp
         正在生成代码...
       Link:
         e:\Program Files\Microsoft Visual Studio 10.0\VC\bin\link.exe /ERRORREPORT:PROMPT /OUT:"F:\Git\repository\designpattern\Responsibility\Debug\Responsibility.exe" /NOLOGO kernel32.lib user32.lib gdi32.lib winspool.lib comdlg32.lib advapi32.lib shell32.lib ole32.lib oleaut32.lib uuid.lib odbc32.lib odbccp32.lib /MANIFEST /ManifestFile:"Debug\Responsibility.exe.intermediate.manifest" /MANIFESTUAC:"level='asInvoker' uiAccess='false'" /DEBUG /PDB:"F:\Git\repository\designpattern\Responsibility\Debug\Responsibility.pdb" /TLBID:1 /DYNAMICBASE /NXCOMPAT /IMPLIB:"F:\Git\repository\designpattern\Responsibility\Debug\Responsibility.lib" /MACHINE:X86 Debug\Handler.obj
         Debug\HandlerA.obj
         Debug\HandlerB.obj
         Debug\test.obj
         Responsibility.vcxproj -> F:\Git\repository\designpattern\Responsibility\Debug\Responsibility.exe
       Manifest:
         C:\Program Files\Microsoft SDKs\Windows\v7.0A\bin\mt.exe /nologo /verbose /outputresource:"F:\Git\repository\designpattern\Responsibility\Debug\Responsibility.exe;#1" /manifest Debug\Responsibility.exe.intermediate.manifest
       FinalizeBuildStatus:
         正在删除文件“Debug\Responsibility.unsuccessfulbuild”。
         正在对“Debug\Responsibility.lastbuildstate”执行 Touch 任务。
     1>已完成生成项目“F:\Git\repository\designpattern\Responsibility\Responsibility\Responsibility.vcxproj”(build 个目标)的操作。

生成成功。

已用时间 00:00:06.31
